
Turn 407
================================================================
warning: owned entities 9, 17 collided on cell (4, 4) as the result of moves on this turn
At command 5 of 10:
    3   m 48 w
    4   m 1 s
>>> 5   m 9 e
    6   m 56 s
    7   m 30 n


Turn 409
================================================================
warning: owned entities 43, 47 collided on cell (4, 4) as the result of moves on this turn
At command 2 of 8:
    1   m 30 n
>>> 2   m 43 e
    3   m 47 o
    4   m 48 w


Turn 411
================================================================
warning: owned entities 56, 16 collided on cell (4, 4) as the result of moves on this turn
At command 3 of 6:
    1   m 1 s
    2   m 48 w
>>> 3   m 56 e
    4   m 30 e
    5   m 16 w

Other commands that placed an entity on this cell:
    3   m 56 e
    4   m 30 e
>>> 5   m 16 w
    6   m 63 o


Turn 417
================================================================
warning: owned entities 48, 30 collided on cell (4, 4) as the result of moves on this turn
At command 1 of 4:
>>> 1   m 48 w
    2   m 1 e
    3   m 30 o

